<?xml version="1.0" encoding="UTF-8"?>
<!-- Generated by org.testng.reporters.JUnitReportReporter -->
<testsuite hostname="QSP" failures="0" tests="1" name="scripts.Test3" time="6.888" errors="0" timestamp="2021-06-02T06:31:36 IST" skipped="0">
  <testcase classname="scripts.Test3" name="post" time="6.888"/>
</testsuite> <!-- scripts.Test3 -->
