<?xml version="1.0" encoding="UTF-8"?>
<!-- Generated by org.testng.reporters.JUnitReportReporter -->
<testsuite hostname="QSP" failures="0" tests="1" name="scripts.GetTheProjectDetails" time="5.551" errors="0" timestamp="2021-06-03T06:05:52 IST" skipped="0">
  <testcase classname="scripts.GetTheProjectDetails" name="getproject" time="5.551"/>
</testsuite> <!-- scripts.GetTheProjectDetails -->
